<?xml version="1.0" encoding="UTF-8"?>
<!-- Generated by org.testng.reporters.JUnitReportReporter -->
<testsuite hostname="Ravind-Nayar" name="com.testng.ExceptionTimeOut" tests="1" failures="0" timestamp="3 Jun 2020 07:59:00 GMT" time="0.001" errors="0">
  <testcase name="test" time="0.001" classname="com.testng.ExceptionTimeOut"/>
</testsuite> <!-- com.testng.ExceptionTimeOut -->
