<?xml version="1.0" encoding="UTF-8"?>
<!-- Generated by org.testng.reporters.JUnitReportReporter -->
<testsuite hostname="Ravind-Nayar" name="com.testng.testNGBasics" tests="2" failures="0" timestamp="3 Jun 2020 07:59:00 GMT" time="0.002" errors="0">
  <testcase name="googleTitleTest" time="0.001" classname="com.testng.testNGBasics"/>
  <testcase name="Titletest" time="0.001" classname="com.testng.testNGBasics"/>
</testsuite> <!-- com.testng.testNGBasics -->
