<?xml version="1.0" encoding="UTF-8"?>
<!-- Generated by org.testng.reporters.JUnitReportReporter -->
<testsuite hostname="Ravind-Nayar" name="com.testng.InvocationCout" tests="10" failures="0" timestamp="3 Jun 2020 07:59:00 GMT" time="0.005" errors="0">
  <testcase name="sum" time="0.000" classname="com.testng.InvocationCout"/>
  <testcase name="sum" time="0.001" classname="com.testng.InvocationCout"/>
  <testcase name="sum" time="0.000" classname="com.testng.InvocationCout"/>
  <testcase name="sum" time="0.001" classname="com.testng.InvocationCout"/>
  <testcase name="sum" time="0.001" classname="com.testng.InvocationCout"/>
  <testcase name="sum" time="0.001" classname="com.testng.InvocationCout"/>
  <testcase name="sum" time="0.000" classname="com.testng.InvocationCout"/>
  <testcase name="sum" time="0.000" classname="com.testng.InvocationCout"/>
  <testcase name="sum" time="0.001" classname="com.testng.InvocationCout"/>
  <testcase name="sum" time="0.000" classname="com.testng.InvocationCout"/>
</testsuite> <!-- com.testng.InvocationCout -->
