<?xml version="1.0" encoding="UTF-8"?>
<!-- Generated by org.testng.reporters.JUnitReportReporter -->
<testsuite hostname="Ravind-Nayar" name="seleniumtasks.TestNGExample" tests="1" failures="0" timestamp="1 Jun 2020 14:47:59 GMT" time="0.015" errors="0">
  <testcase name="verifyHomePageTitle" time="0.015" classname="seleniumtasks.TestNGExample"/>
</testsuite> <!-- seleniumtasks.TestNGExample -->
