<?xml version="1.0" encoding="UTF-8"?>
<!-- Generated by org.testng.reporters.JUnitReportReporter -->
<testsuite hostname="Ravind-Nayar" name="seleniumtasks.TestNGAnnotation" tests="2" failures="0" timestamp="1 Jun 2020 15:20:48 GMT" time="0.011" errors="0">
  <testcase name="testCase1" time="0.009" classname="seleniumtasks.TestNGAnnotation"/>
  <testcase name="testCase2" time="0.002" classname="seleniumtasks.TestNGAnnotation"/>
</testsuite> <!-- seleniumtasks.TestNGAnnotation -->
